{"level":"warn","message":"Login: Username or Email ric tried to login but does not exist","timestamp":"22:22:01"}
{"level":"warn","message":"Login: niek.heezemans@frontmen.nl provided a wrong password","timestamp":"22:25:02"}
{"level":"info","message":"Login: niek.heezemans@frontmen.nl logged in","timestamp":"22:25:10"}
{"level":"info","message":"Login: niek.heezemans@frontmen.nl logged in","timestamp":"22:55:03"}
{"level":"info","message":"Login: niek.heezemans@frontmen.nl logged in","timestamp":"23:36:55"}
{"level":"warn","message":"Login: Username or Email ra tried to login but does not exist","timestamp":"23:47:30"}
{"level":"info","message":"Login: niek.heezemans@frontmen.nl logged in","timestamp":"23:49:12"}
{"level":"warn","message":"Login: Username or Email e tried to login but does not exist","timestamp":"23:52:55"}
{"level":"info","message":"Login: niek.heezemans@frontmen.nl logged in","timestamp":"00:02:00"}
{"level":"warn","message":"Login: Username or Email r tried to login but does not exist","timestamp":"00:04:33"}
{"level":"warn","message":"Login: Username or Email d tried to login but does not exist","timestamp":"00:14:09"}
{"level":"warn","message":"Login: Username or Email d tried to login but does not exist","timestamp":"00:15:21"}
{"level":"warn","message":"Login: Username or Email d tried to login but does not exist","timestamp":"00:15:57"}
{"level":"warn","message":"Login: Username or Email d tried to login but does not exist","timestamp":"00:16:18"}
{"level":"warn","message":"Login: Username or Email d tried to login but does not exist","timestamp":"00:35:21"}
{"level":"info","message":"Login: niek.heezemans@frontmen.nl logged in","timestamp":"00:35:25"}
{"level":"info","message":"Login: niek.heezemans@frontmen.nl logged in","timestamp":"00:35:27"}
{"level":"info","message":"Login: niek.heezemans@frontmen.nl logged in","timestamp":"00:35:29"}
{"level":"warn","message":"Login: Username or Email d tried to login but does not exist","timestamp":"00:38:18"}
{"level":"info","message":"Login: niek.heezemans@frontmen.nl logged in","timestamp":"00:38:25"}
{"level":"info","message":"Login: niek.heezemans@frontmen.nl logged in","timestamp":"00:41:42"}
{"level":"info","message":"Login: niek.heezemans@frontmen.nl logged in","timestamp":"00:47:25"}
{"level":"info","message":"Login: niek.heezemans@frontmen.nl logged in","timestamp":"00:50:38"}
{"level":"warn","message":"Login: Username or Email d tried to login but does not exist","timestamp":"00:53:39"}
{"level":"info","message":"Login: niek.heezemans@frontmen.nl logged in","timestamp":"00:53:44"}
{"level":"info","message":"Login: niek.heezemans@frontmen.nl logged in","timestamp":"00:54:48"}
{"level":"warn","message":"Login: niek.heezemans@frontmen.nl provided a wrong password","timestamp":"00:55:14"}
{"level":"info","message":"Login: niek.heezemans@frontmen.nl logged in","timestamp":"00:55:17"}
{"level":"info","message":"Login: niek.heezemans@frontmen.nl logged in","timestamp":"00:59:47"}
{"level":"info","message":"Login: niek.heezemans@frontmen.nl logged in","timestamp":"01:20:11"}
{"level":"info","message":"Login: niek.heezemans@frontmen.nl logged in","timestamp":"01:33:43"}
{"level":"info","message":"Login: niek.heezemans@frontmen.nl logged in","timestamp":"01:39:22"}
{"level":"info","message":"Login: niek.heezemans@frontmen.nl logged in","timestamp":"01:41:30"}
{"level":"info","message":"Login: niek.heezemans@frontmen.nl logged in","timestamp":"01:42:00"}
{"level":"info","message":"Login: niek.heezemans@frontmen.nl logged in","timestamp":"01:47:40"}
{"level":"info","message":"Login: niek.heezemans@frontmen.nl logged in","timestamp":"01:48:38"}
{"level":"info","message":"Login: niek.heezemans@frontmen.nl logged in","timestamp":"01:55:49"}
{"level":"info","message":"Login: niek.heezemans@frontmen.nl logged in","timestamp":"02:04:03"}
{"level":"warn","message":"Login: Username or Email ra tried to login but does not exist","timestamp":"02:20:23"}
{"level":"info","message":"Login: niek.heezemans@frontmen.nl logged in","timestamp":"02:20:30"}
{"level":"info","message":"Login: niek.heezemans@frontmen.nl logged in","timestamp":"02:46:06"}
{"level":"info","message":"Login: niek.heezemans@frontmen.nl logged in","timestamp":"02:46:24"}
{"level":"info","message":"Login: niek.heezemans@frontmen.nl logged in","timestamp":"02:47:01"}
{"level":"info","message":"Login: niek.heezemans@frontmen.nl logged in","timestamp":"02:48:23"}
{"level":"info","message":"Login: niek.heezemans@frontmen.nl logged in","timestamp":"02:49:02"}
{"level":"info","message":"Login: niek.heezemans@frontmen.nl logged in","timestamp":"02:49:19"}
{"level":"info","message":"Login: niek.heezemans@frontmen.nl logged in","timestamp":"02:49:19"}
{"level":"info","message":"Login: niek.heezemans@frontmen.nl logged in","timestamp":"02:52:37"}
{"level":"info","message":"Login: niek.heezemans@frontmen.nl logged in","timestamp":"02:55:24"}
{"level":"info","message":"Login: niek.heezemans@frontmen.nl logged in","timestamp":"02:59:43"}
{"level":"info","message":"Login: niek.heezemans@frontmen.nl logged in","timestamp":"03:06:00"}
{"level":"info","message":"Login: niek.heezemans@frontmen.nl logged in","timestamp":"03:06:22"}
{"level":"info","message":"Login: niek.heezemans@frontmen.nl logged in","timestamp":"03:10:49"}
{"level":"info","message":"Login: niek.heezemans@frontmen.nl logged in","timestamp":"03:15:12"}
{"level":"info","message":"Login: niek.heezemans@frontmen.nl logged in","timestamp":"03:15:24"}
{"level":"info","message":"Login: niek.heezemans@frontmen.nl logged in","timestamp":"03:15:35"}
{"level":"info","message":"Login: niek.heezemans@frontmen.nl logged in","timestamp":"03:16:42"}
{"level":"info","message":"Login: niek.heezemans@frontmen.nl logged in","timestamp":"03:17:54"}
{"level":"info","message":"Login: niek.heezemans@frontmen.nl logged in","timestamp":"03:21:48"}
{"level":"info","message":"Login: niek.heezemans@frontmen.nl logged in","timestamp":"03:25:49"}
{"level":"info","message":"Login: niek.heezemans@frontmen.nl logged in","timestamp":"04:58:24"}
{"level":"info","message":"Login: niek.heezemans@frontmen.nl logged in","timestamp":"05:49:31"}
{"level":"info","message":"Login: niek.heezemans@frontmen.nl logged in","timestamp":"06:28:35"}
{"level":"info","message":"Login: niek.heezemans@frontmen.nl logged in","timestamp":"06:39:23"}
{"level":"info","message":"Login: niek.heezemans@frontmen.nl logged in","timestamp":"06:42:44"}
{"level":"info","message":"Login: niek.heezemans@frontmen.nl logged in","timestamp":"06:53:31"}
{"level":"info","message":"Login: niek.heezemans@frontmen.nl logged in","timestamp":"07:02:21"}
{"level":"info","message":"Connected to Chuck Norris API: https://api.icndb.com/jokes/random/10","timestamp":"07:39:10"}
{"level":"info","message":"Response received from Chuck Norris API: { \"type\": \"success\", \"value\": [ { \"id\": 55, \"joke\": \"Most people have 23 pairs of chromosomes. Chuck Norris has 72... and they're all poisonous.\", \"categories\": [] }, { \"id\": 341, \"joke\": \"Chuck Norris sleeps with a pillow under his gun.\", \"categories\": [] }, { \"id\": 329, \"joke\": \"There are only two things that can cut diamonds: other diamonds, and Chuck Norris.\", \"categories\": [] }, { \"id\": 164, \"joke\": \"Chuck Norris once sued Burger King after they refused to put razor wire in his Whopper Jr, insisting that that actually is &quot;his&quot; way.\", \"categories\": [] }, { \"id\": 187, \"joke\": \"# Chuck Norris's show is called Walker: Texas Ranger, because Chuck Norris doesn't run.\", \"categories\": [] }, { \"id\": 61, \"joke\": \"Chuck Norris once ate a whole cake before his friends could tell him there was a stripper in it.\", \"categories\": [] }, { \"id\": 158, \"joke\": \"It's widely believed that Jesus was Chuck Norris' stunt double for crucifixion due to the fact that it is impossible for nails to pierce Chuck Norris' skin.\", \"categories\": [] }, { \"id\": 19, \"joke\": \"In an average living room there are 1,242 objects Chuck Norris could use to kill you, including the room itself.\", \"categories\": [] }, { \"id\": 1, \"joke\": \"Chuck Norris uses ribbed condoms inside out, so he gets the pleasure.\", \"categories\": [\"explicit\"] }, { \"id\": 378, \"joke\": \"There are no such things as tornados. Chuck Norris just hates trailer parks.\", \"categories\": [] } ]  }","timestamp":"07:39:10"}
{"level":"info","message":"Connected to Chuck Norris API: https://api.icndb.com/jokes/random/10","timestamp":"07:39:36"}
{"level":"info","message":"Response received from Chuck Norris API: { \"type\": \"success\", \"value\": [ { \"id\": 322, \"joke\": \"When Chuck Norris plays Monopoly, it affects the actual world economy.\", \"categories\": [] }, { \"id\": 396, \"joke\": \"Only Chuck Norris can prevent forest fires.\", \"categories\": [] }, { \"id\": 385, \"joke\": \"Chuck Norris once rode a bull, and nine months later it had a calf.\", \"categories\": [] }, { \"id\": 421, \"joke\": \"Chuck Norris is not Politically Correct. He is just Correct. Always.\", \"categories\": [] }, { \"id\": 451, \"joke\": \"Chuck Norris writes code that optimizes itself.\", \"categories\": [\"nerdy\"] }, { \"id\": 203, \"joke\": \"Chuck Norris can lead a horse to water AND make it drink.\", \"categories\": [] }, { \"id\": 563, \"joke\": \"Chuck Norris causes the Windows Blue Screen of Death.\", \"categories\": [\"nerdy\"] }, { \"id\": 591, \"joke\": \"There is no April 1st in Chuck Norris' calendar, because no one can fool him.\", \"categories\": [] }, { \"id\": 411, \"joke\": \"The pen is mightier than the sword, but only if the pen is held by Chuck Norris.\", \"categories\": [] }, { \"id\": 235, \"joke\": \"Chuck Norris once kicked a horse in the chin. Its descendants are known today as Giraffes.\", \"categories\": [] } ]  }","timestamp":"07:39:36"}
{"level":"info","message":"Connected to Chuck Norris API: https://api.icndb.com/jokes/random/10","timestamp":"07:39:41"}
{"level":"info","message":"Response received from Chuck Norris API: { \"type\": \"success\", \"value\": [ { \"id\": 244, \"joke\": \"Chuck Norris got his drivers license at the age of 16. Seconds.\", \"categories\": [] }, { \"id\": 296, \"joke\": \"Chuck Norris uses 8'x10' sheets of plywood as toilet paper.\", \"categories\": [] }, { \"id\": 258, \"joke\": \"The phrase 'break a leg' was originally coined by Chuck Norris's co-stars in Walker, Texas Ranger as a good luck charm, indicating that a broken leg might be the worst extent of their injuries. This never proved to be the case.\", \"categories\": [] }, { \"id\": 240, \"joke\": \"In a fight between Batman and Darth Vader, the winner would be Chuck Norris.\", \"categories\": [] }, { \"id\": 408, \"joke\": \"Love does not hurt. Chuck Norris does.\", \"categories\": [] }, { \"id\": 180, \"joke\": \"When J. Robert Oppenheimer said &quot;I am become death, the destroyer Of worlds&quot;, He was not referring to the atomic bomb. He was referring to the Chuck Norris halloween costume he was wearing.\", \"categories\": [] }, { \"id\": 121, \"joke\": \"It takes 14 puppeteers to make Chuck Norris smile, but only 2 to make him destroy an orphanage.\", \"categories\": [] }, { \"id\": 515, \"joke\": \"Chuck Norris compresses his files by doing a flying round house kick to the hard drive.\", \"categories\": [\"nerdy\"] }, { \"id\": 389, \"joke\": \"Chuck Norris has banned rainbows from the state of North Dakota.\", \"categories\": [] }, { \"id\": 596, \"joke\": \"Chuck Norris can drown a fish.\", \"categories\": [] } ]  }","timestamp":"07:39:41"}
{"level":"info","message":"Connected to Chuck Norris API: https://api.icndb.com/jokes/random/2","timestamp":"07:42:25"}
{"level":"info","message":"Response received from Chuck Norris API: { \"type\": \"success\", \"value\": [ { \"id\": 88, \"joke\": \"Chuck Norris doesnt shave; he kicks himself in the face. The only thing that can cut Chuck Norris is Chuck Norris.\", \"categories\": [] }, { \"id\": 50, \"joke\": \"Chuck Norris invented Kentucky Fried Chicken's famous secret recipe with eleven herbs and spices. Nobody ever mentions the twelfth ingredient: Fear.\", \"categories\": [] } ]  }","timestamp":"07:42:25"}
{"level":"info","message":"Login: niek.heezemans@frontmen.nl logged in","timestamp":"07:43:31"}
{"level":"info","message":"Connected to Chuck Norris API: https://api.icndb.com/jokes/random/10","timestamp":"07:43:31"}
{"level":"info","message":"Response received from Chuck Norris API: { \"type\": \"success\", \"value\": [ { \"id\": 220, \"joke\": \"It is better to give than to receive. This is especially true of a Chuck Norris roundhouse kick.\", \"categories\": [] }, { \"id\": 100, \"joke\": \"Chuck Norris grinds his coffee with his teeth and boils the water with his own rage.\", \"categories\": [] }, { \"id\": 428, \"joke\": \"In the first Jurassic Park movie, the Tyrannosaurus Rex wasn't chasing the jeep. Chuck Norris was chasing the Tyrannosaurus AND the jeep.\", \"categories\": [] }, { \"id\": 293, \"joke\": \"70% of a human's weight is water. 70% of Chuck Norris' weight is his dick.\", \"categories\": [\"explicit\"] }, { \"id\": 66, \"joke\": \"Chuck Norris can't finish a &quot;color by numbers&quot; because his markers are filled with the blood of his victims. Unfortunately, all blood is dark red.\", \"categories\": [] }, { \"id\": 470, \"joke\": \"Chuck Norris doesn't bug hunt as that signifies a probability of failure, he goes bug killing.\", \"categories\": [\"nerdy\"] }, { \"id\": 93, \"joke\": \"When you're Chuck Norris, anything + anything is equal to 1. One roundhouse kick to the face.\", \"categories\": [] }, { \"id\": 73, \"joke\": \"Chuck Norris doesn't actually write books, the words assemble themselves out of fear.\", \"categories\": [] }, { \"id\": 591, \"joke\": \"There is no April 1st in Chuck Norris' calendar, because no one can fool him.\", \"categories\": [] }, { \"id\": 68, \"joke\": \"When Chuck Norris falls in water, Chuck Norris doesn't get wet. Water gets Chuck Norris.\", \"categories\": [] } ]  }","timestamp":"07:43:31"}
{"level":"info","message":"Connected to Chuck Norris API: https://api.icndb.com/jokes/random/10","timestamp":"07:43:47"}
{"level":"info","message":"Response received from Chuck Norris API: { \"type\": \"success\", \"value\": [ { \"id\": 406, \"joke\": \"Chuck Norris doesn't say &quot;who's your daddy&quot;, because he knows the answer.\", \"categories\": [] }, { \"id\": 563, \"joke\": \"Chuck Norris causes the Windows Blue Screen of Death.\", \"categories\": [\"nerdy\"] }, { \"id\": 417, \"joke\": \"According to the Bible, God created the universe in six days. Before that, Chuck Norris created God by snapping his fingers.\", \"categories\": [] }, { \"id\": 466, \"joke\": \"Chuck Norris doesn't do Burn Down charts, he does Smack Down charts.\", \"categories\": [\"nerdy\"] }, { \"id\": 435, \"joke\": \"When you play Monopoly with Chuck Norris, you do not pass go, and you do not collect two hundred dollars. You will be lucky if you make it out alive.\", \"categories\": [] }, { \"id\": 26, \"joke\": \"Chuck Norris is the only human being to display the Heisenberg uncertainty principle - you can never know both exactly where and how quickly he will roundhouse-kick you in the face.\", \"categories\": [\"nerdy\"] }, { \"id\": 129, \"joke\": \"Chuck Norris keeps his friends close and his enemies closer. Close enough to drop them with one round house kick to the face.\", \"categories\": [] }, { \"id\": 560, \"joke\": \"Chuck Norris sits at the stand-up.\", \"categories\": [] }, { \"id\": 608, \"joke\": \"Chuck Norris can stand on his head. His dick-head.\", \"categories\": [\"explicit\"] }, { \"id\": 266, \"joke\": \"Chuck Norris? roundhouse kick is so powerful, it can be seen from outer space by the naked eye.\", \"categories\": [] } ]  }","timestamp":"07:43:47"}
{"level":"info","message":"Connected to Chuck Norris API: https://api.icndb.com/jokes/random/10","timestamp":"07:46:23"}
{"level":"info","message":"Response received from Chuck Norris API: { \"type\": \"success\", \"value\": [ { \"id\": 319, \"joke\": \"In the Words of Julius Caesar, &quot;Veni, Vidi, Vici, Chuck Norris&quot;. Translation: I came, I saw, and I was roundhouse-kicked inthe face by Chuck Norris.\", \"categories\": [] }, { \"id\": 223, \"joke\": \"Chuck Norris smells what the Rock is cooking... because the Rock is Chuck Norris' personal chef.\", \"categories\": [] }, { \"id\": 450, \"joke\": \"Chuck Norris doesn't have disk latency because the hard drive knows to hurry the hell up.\", \"categories\": [\"nerdy\"] }, { \"id\": 469, \"joke\": \"Chuck Norris can unit test entire applications with a single assert.\", \"categories\": [\"nerdy\"] }, { \"id\": 413, \"joke\": \"Those aren't credits that roll after Walker Texas Ranger. It is actually a list of fatalities that occurred during the making of the episode.\", \"categories\": [] }, { \"id\": 420, \"joke\": \"The 1972 Miami Dolphins lost one game, it was a game vs. Chuck Norris and three seven year old girls. Chuck Norris won with a roundhouse-kick to the face in overtime.\", \"categories\": [] }, { \"id\": 217, \"joke\": \"Crime does not pay - unless you are an undertaker following Walker, Texas Ranger, on a routine patrol.\", \"categories\": [] }, { \"id\": 15, \"joke\": \"When Chuck Norris goes to donate blood, he declines the syringe, and instead requests a hand gun and a bucket.\", \"categories\": [] }, { \"id\": 527, \"joke\": \"No one has ever spoken during review of Chuck Norris' code and lived to tell about it.\", \"categories\": [\"nerdy\"] }, { \"id\": 530, \"joke\": \"Chuck Norris can dereference NULL.\", \"categories\": [\"nerdy\"] } ]  }","timestamp":"07:46:23"}
{"level":"info","message":"Connected to Chuck Norris API: https://api.icndb.com/jokes/random/10","timestamp":"07:47:05"}
{"level":"info","message":"Response received from Chuck Norris API: { \"type\": \"success\", \"value\": [ { \"id\": 195, \"joke\": \"Chuck Norris wears a live rattlesnake as a condom.\", \"categories\": [] }, { \"id\": 29, \"joke\": \"Teenage Mutant Ninja Turtles is based on a true story: Chuck Norris once swallowed a turtle whole, and when he crapped it out, the turtle was six feet tall and had learned karate.\", \"categories\": [] }, { \"id\": 384, \"joke\": \"Chuck Norris was the orginal sculptor of Mount Rushmore. He completed the entire project using only a bottle opener and a drywall trowel.\", \"categories\": [] }, { \"id\": 291, \"joke\": \"Chuck Norris never wet his bed as a child. The bed wet itself out of fear.\", \"categories\": [] }, { \"id\": 81, \"joke\": \"Chuck Norris invented his own type of karate. It's called Chuck-Will-Kill.\", \"categories\": [] }, { \"id\": 285, \"joke\": \"With the rising cost of gasoline, Chuck Norris is beginning to worry about his drinking habit.\", \"categories\": [] }, { \"id\": 528, \"joke\": \"Chuck Norris doesn't use GUI, he prefers COMMAND line.\", \"categories\": [\"nerdy\"] }, { \"id\": 566, \"joke\": \"Chuck Norris could use anything in java.util.* to kill you, including the javadocs.\", \"categories\": [\"nerdy\"] }, { \"id\": 588, \"joke\": \"Chuck Norris knows Victoria's secret.\", \"categories\": [] }, { \"id\": 348, \"joke\": \"There?s an order to the universe: space, time, Chuck Norris.... Just kidding, Chuck Norris is first.\", \"categories\": [] } ]  }","timestamp":"07:47:05"}
{"level":"info","message":"Connected to Chuck Norris API: https://api.icndb.com/jokes/random/2","timestamp":"07:54:12"}
{"level":"info","message":"Response received from Chuck Norris API: [object Object]","timestamp":"07:54:12"}
{"level":"info","message":"Connected to Chuck Norris API: https://api.icndb.com/jokes/random/2","timestamp":"07:54:47"}
{"level":"info","message":"Response received from Chuck Norris API: [object Object]","timestamp":"07:54:47"}
{"level":"info","message":"Connected to Chuck Norris API: https://api.icndb.com/jokes/random/2","timestamp":"07:55:19"}
{"level":"info","message":"Response received from Chuck Norris API: [object Object]","timestamp":"07:55:19"}
{"level":"info","message":"Connected to Chuck Norris API: https://api.icndb.com/jokes/random/2","timestamp":"07:55:39"}
{"level":"info","message":"Response received from Chuck Norris API: { \"type\": \"success\", \"value\": [ { \"id\": 29, \"joke\": \"Teenage Mutant Ninja Turtles is based on a true story: Chuck Norris once swallowed a turtle whole, and when he crapped it out, the turtle was six feet tall and had learned karate.\", \"categories\": [] }, { \"id\": 115, \"joke\": \"When Chuck Norris is in a crowded area, he doesn't walk around people. He walks through them.\", \"categories\": [] } ]  }","timestamp":"07:55:39"}
{"level":"info","message":"Connected to Chuck Norris API: https://api.icndb.com/jokes/random/10","timestamp":"07:56:21"}
{"level":"info","message":"Response received from Chuck Norris API: { \"type\": \"success\", \"value\": [ { \"id\": 274, \"joke\": \"One time, Chuck Norris accidentally stubbed his toe. It destroyed the entire state of Ohio.\", \"categories\": [] }, { \"id\": 239, \"joke\": \"Chuck Norris's version of a &quot;chocolate milkshake&quot; is a raw porterhouse wrapped around ten Hershey bars, and doused in diesel fuel.\", \"categories\": [] }, { \"id\": 431, \"joke\": \"Rules of fighting: 1) Don't bring a knife to a gun fight. 2) Don't bring a gun to a Chuck Norris fight.\", \"categories\": [] }, { \"id\": 524, \"joke\": \"Chuck Norris eats lightning and shits out thunder.\", \"categories\": [] }, { \"id\": 82, \"joke\": \"When an episode of Walker Texas Ranger was aired in France, the French surrendered to Chuck Norris just to be on the safe side.\", \"categories\": [] }, { \"id\": 95, \"joke\": \"On his birthday, Chuck Norris randomly selects one lucky child to be thrown into the sun.\", \"categories\": [] }, { \"id\": 484, \"joke\": \"Chuck Norris is actually the front man for Apple. He let's Steve Jobs run the show when he's on a mission. Chuck Norris is always on a mission.\", \"categories\": [] }, { \"id\": 324, \"joke\": \"Chuck Norris drinks napalm to quell his heartburn.\", \"categories\": [] }, { \"id\": 61, \"joke\": \"Chuck Norris once ate a whole cake before his friends could tell him there was a stripper in it.\", \"categories\": [] }, { \"id\": 511, \"joke\": \"Every SQL statement that Chuck Norris codes has an implicit &quot;COMMIT&quot; in its end.\", \"categories\": [\"nerdy\"] } ]  }","timestamp":"07:56:21"}
{"level":"info","message":"Connected to Chuck Norris API: https://api.icndb.com/jokes/random/2","timestamp":"07:57:37"}
{"level":"info","message":"Response received from Chuck Norris API: { \"type\": \"success\", \"value\": [ { \"id\": 334, \"joke\": \"Chuck Norris qualified with a top speed of 324 mph at the Daytona 500, without a car.\", \"categories\": [] }, { \"id\": 97, \"joke\": \"Chuck Norris doesn't throw up if he drinks too much. Chuck Norris throws down!\", \"categories\": [] } ]  }","timestamp":"07:57:37"}
{"level":"info","message":"Connected to Chuck Norris API: https://api.icndb.com/jokes/random/2","timestamp":"07:57:48"}
{"level":"info","message":"Response received from Chuck Norris API: { \"type\": \"success\", \"value\": [ { \"id\": 397, \"joke\": \"When Chuck Norris makes a burrito, its main ingredient is real toes.\", \"categories\": [] }, { \"id\": 300, \"joke\": \"Chuck Norris eats steak for every single meal. Most times he forgets to kill the cow.\", \"categories\": [] } ]  }","timestamp":"07:57:48"}
{"level":"info","message":"Connected to Chuck Norris API: https://api.icndb.com/jokes/random/10","timestamp":"07:58:29"}
{"level":"info","message":"Response received from Chuck Norris API: { \"type\": \"success\", \"value\": [ { \"id\": 224, \"joke\": \"When Chuck Norris plays Oregon Trail, his family does not die from cholera or dysentery, but rather, roundhouse kicks to the face. He also requires no wagon, since he carries the oxen, axels, and buffalo meat on his back. He always makes it to Oregon before you.\", \"categories\": [] }, { \"id\": 614, \"joke\": \"Chuck Norris once sold eBay to eBay on eBay.\", \"categories\": [] }, { \"id\": 493, \"joke\": \"Chuck Norris can binary search unsorted data.\", \"categories\": [\"nerdy\"] }, { \"id\": 259, \"joke\": \"When Chuck Norris does division, there are no remainders.\", \"categories\": [] }, { \"id\": 99, \"joke\": \"Chuck Norris has 12 moons. One of those moons is the Earth.\", \"categories\": [] }, { \"id\": 187, \"joke\": \"# Chuck Norris's show is called Walker: Texas Ranger, because Chuck Norris doesn't run.\", \"categories\": [] }, { \"id\": 494, \"joke\": \"Chuck Norris breaks RSA 128-bit encrypted codes in milliseconds.\", \"categories\": [\"nerdy\"] }, { \"id\": 565, \"joke\": \"Chuck Norris can make a class that is both abstract and final.\", \"categories\": [\"nerdy\"] }, { \"id\": 57, \"joke\": \"Chuck Norris is ten feet tall, weighs two-tons, breathes fire, and could eat a hammer and take a shotgun blast standing.\", \"categories\": [] }, { \"id\": 171, \"joke\": \"Chuck Norris can set ants on fire with a magnifying glass. At night.\", \"categories\": [] } ]  }","timestamp":"07:58:29"}
